  [1m[35m (358.5ms)[0m  [1m[35mCREATE DATABASE "Cats99_development" ENCODING = 'unicode'[0m
  ↳ bin/rails:9
  [1m[35m (54.8ms)[0m  [1m[35mCREATE DATABASE "Cats99_test" ENCODING = 'unicode'[0m
  ↳ bin/rails:9
  [1m[35m (25.5ms)[0m  [1m[35mCREATE TABLE "schema_migrations" ("version" character varying NOT NULL PRIMARY KEY)[0m
  ↳ bin/rails:9
  [1m[35m (6.3ms)[0m  [1m[35mCREATE TABLE "ar_internal_metadata" ("key" character varying NOT NULL PRIMARY KEY, "value" character varying, "created_at" timestamp NOT NULL, "updated_at" timestamp NOT NULL)[0m
  ↳ bin/rails:9
  [1m[35m (5.2ms)[0m  [1m[34mSELECT pg_try_advisory_lock(6613552763082678525)[0m
  ↳ bin/rails:9
  [1m[35m (0.7ms)[0m  [1m[34mSELECT "schema_migrations"."version" FROM "schema_migrations" ORDER BY "schema_migrations"."version" ASC[0m
  ↳ bin/rails:9
Migrating to CreateCats (20220701181845)
  [1m[35m (0.1ms)[0m  [1m[35mBEGIN[0m
  ↳ bin/rails:9
  [1m[35m (7.2ms)[0m  [1m[35mCREATE TABLE "cats" ("id" bigserial primary key, "birth_date" date NOT NULL, "color" character varying NOT NULL, "name" character varying NOT NULL, "sex" character varying NOT NULL, "description" text, "created_at" timestamp NOT NULL, "updated_at" timestamp NOT NULL)[0m
  ↳ db/migrate/20220701181845_create_cats.rb:3
  [1m[35m (1.2ms)[0m  [1m[35mCREATE  INDEX  "index_cats_on_name" ON "cats"  ("name")[0m
  ↳ db/migrate/20220701181845_create_cats.rb:13
  [1m[36mActiveRecord::SchemaMigration Create (0.5ms)[0m  [1m[32mINSERT INTO "schema_migrations" ("version") VALUES ($1) RETURNING "version"[0m  [["version", "20220701181845"]]
  ↳ bin/rails:9
  [1m[35m (0.2ms)[0m  [1m[35mCOMMIT[0m
  ↳ bin/rails:9
  [1m[36mActiveRecord::InternalMetadata Load (0.4ms)[0m  [1m[34mSELECT  "ar_internal_metadata".* FROM "ar_internal_metadata" WHERE "ar_internal_metadata"."key" = $1 LIMIT $2[0m  [["key", "environment"], ["LIMIT", 1]]
  ↳ bin/rails:9
  [1m[35m (0.1ms)[0m  [1m[35mBEGIN[0m
  ↳ bin/rails:9
  [1m[36mActiveRecord::InternalMetadata Create (0.6ms)[0m  [1m[32mINSERT INTO "ar_internal_metadata" ("key", "value", "created_at", "updated_at") VALUES ($1, $2, $3, $4) RETURNING "key"[0m  [["key", "environment"], ["value", "development"], ["created_at", "2022-07-01 18:24:00.519508"], ["updated_at", "2022-07-01 18:24:00.519508"]]
  ↳ bin/rails:9
  [1m[35m (0.1ms)[0m  [1m[35mCOMMIT[0m
  ↳ bin/rails:9
  [1m[35m (0.2ms)[0m  [1m[34mSELECT pg_advisory_unlock(6613552763082678525)[0m
  ↳ bin/rails:9
  [1m[35m (0.2ms)[0m  [1m[34mSELECT "schema_migrations"."version" FROM "schema_migrations" ORDER BY "schema_migrations"."version" ASC[0m
  ↳ bin/rails:9
  [1m[35m (0.8ms)[0m  [1m[34mSELECT "schema_migrations"."version" FROM "schema_migrations" ORDER BY "schema_migrations"."version" ASC[0m
  ↳ /Users/davidhong/.rbenv/versions/2.5.1/bin/annotate:25
  [1m[35m (0.1ms)[0m  [1m[34mSELECT pg_try_advisory_lock(6613552763082678525)[0m
  ↳ bin/rails:9
  [1m[35m (0.9ms)[0m  [1m[34mSELECT "schema_migrations"."version" FROM "schema_migrations" ORDER BY "schema_migrations"."version" ASC[0m
  ↳ bin/rails:9
Migrating to CatsEdits (20220701182756)
  [1m[35m (0.1ms)[0m  [1m[35mBEGIN[0m
  ↳ bin/rails:9
  [1m[35m (5.0ms)[0m  [1m[31mROLLBACK[0m
  ↳ bin/rails:9
  [1m[35m (0.3ms)[0m  [1m[34mSELECT pg_advisory_unlock(6613552763082678525)[0m
  ↳ bin/rails:9
  [1m[35m (0.1ms)[0m  [1m[34mSELECT pg_try_advisory_lock(6613552763082678525)[0m
  ↳ bin/rails:9
  [1m[35m (0.6ms)[0m  [1m[34mSELECT "schema_migrations"."version" FROM "schema_migrations" ORDER BY "schema_migrations"."version" ASC[0m
  ↳ bin/rails:9
Migrating to CatsEdits (20220701182756)
  [1m[35m (0.1ms)[0m  [1m[35mBEGIN[0m
  ↳ bin/rails:9
  [1m[35m (11.6ms)[0m  [1m[35mALTER TABLE "cats" ALTER COLUMN "sex" TYPE character varying(1)[0m
  ↳ db/migrate/20220701182756_cats_edits.rb:3
  [1m[36mActiveRecord::SchemaMigration Create (0.3ms)[0m  [1m[32mINSERT INTO "schema_migrations" ("version") VALUES ($1) RETURNING "version"[0m  [["version", "20220701182756"]]
  ↳ bin/rails:9
  [1m[35m (2.3ms)[0m  [1m[35mCOMMIT[0m
  ↳ bin/rails:9
  [1m[36mActiveRecord::InternalMetadata Load (0.5ms)[0m  [1m[34mSELECT  "ar_internal_metadata".* FROM "ar_internal_metadata" WHERE "ar_internal_metadata"."key" = $1 LIMIT $2[0m  [["key", "environment"], ["LIMIT", 1]]
  ↳ bin/rails:9
  [1m[35m (0.1ms)[0m  [1m[35mBEGIN[0m
  ↳ bin/rails:9
  [1m[35m (0.1ms)[0m  [1m[35mCOMMIT[0m
  ↳ bin/rails:9
  [1m[35m (0.2ms)[0m  [1m[34mSELECT pg_advisory_unlock(6613552763082678525)[0m
  ↳ bin/rails:9
  [1m[35m (0.1ms)[0m  [1m[34mSELECT "schema_migrations"."version" FROM "schema_migrations" ORDER BY "schema_migrations"."version" ASC[0m
  ↳ bin/rails:9
  [1m[35m (2.1ms)[0m  [1m[34mSELECT "schema_migrations"."version" FROM "schema_migrations" ORDER BY "schema_migrations"."version" ASC[0m
  ↳ /Users/davidhong/.rbenv/versions/2.5.1/bin/annotate:25
  [1m[36mCat Load (1.4ms)[0m  [1m[34mSELECT  "cats".* FROM "cats" LIMIT $1[0m  [["LIMIT", 11]]
  [1m[35m (0.1ms)[0m  [1m[35mBEGIN[0m
  [1m[36mCat Create (6.2ms)[0m  [1m[32mINSERT INTO "cats" ("birth_date", "color", "name", "sex", "description", "created_at", "updated_at") VALUES ($1, $2, $3, $4, $5, $6, $7) RETURNING "id"[0m  [["birth_date", "2005-10-31"], ["color", "Black"], ["name", "Whiskers"], ["sex", "M"], ["description", "This guy is bad luck"], ["created_at", "2022-07-01 18:54:09.737126"], ["updated_at", "2022-07-01 18:54:09.737126"]]
  [1m[35m (0.2ms)[0m  [1m[35mCOMMIT[0m
  [1m[36mCat Load (0.4ms)[0m  [1m[34mSELECT  "cats".* FROM "cats" LIMIT $1[0m  [["LIMIT", 11]]
Started GET "/cats" for ::1 at 2022-07-01 14:54:44 -0400
  [1m[35m (1.4ms)[0m  [1m[34mSELECT "schema_migrations"."version" FROM "schema_migrations" ORDER BY "schema_migrations"."version" ASC[0m
  ↳ /Users/davidhong/.rbenv/versions/2.5.1/lib/ruby/gems/2.5.0/gems/activerecord-5.2.8/lib/active_record/log_subscriber.rb:98
  
ActionController::RoutingError (No route matches [GET] "/cats"):
  
actionpack (5.2.8) lib/action_dispatch/middleware/debug_exceptions.rb:65:in `call'
web-console (3.7.0) lib/web_console/middleware.rb:135:in `call_app'
web-console (3.7.0) lib/web_console/middleware.rb:30:in `block in call'
web-console (3.7.0) lib/web_console/middleware.rb:20:in `catch'
web-console (3.7.0) lib/web_console/middleware.rb:20:in `call'
actionpack (5.2.8) lib/action_dispatch/middleware/show_exceptions.rb:33:in `call'
railties (5.2.8) lib/rails/rack/logger.rb:38:in `call_app'
railties (5.2.8) lib/rails/rack/logger.rb:26:in `block in call'
activesupport (5.2.8) lib/active_support/tagged_logging.rb:71:in `block in tagged'
activesupport (5.2.8) lib/active_support/tagged_logging.rb:28:in `tagged'
activesupport (5.2.8) lib/active_support/tagged_logging.rb:71:in `tagged'
railties (5.2.8) lib/rails/rack/logger.rb:26:in `call'
sprockets-rails (3.4.2) lib/sprockets/rails/quiet_assets.rb:13:in `call'
actionpack (5.2.8) lib/action_dispatch/middleware/remote_ip.rb:81:in `call'
actionpack (5.2.8) lib/action_dispatch/middleware/request_id.rb:27:in `call'
rack (2.2.4) lib/rack/method_override.rb:24:in `call'
rack (2.2.4) lib/rack/runtime.rb:22:in `call'
activesupport (5.2.8) lib/active_support/cache/strategy/local_cache_middleware.rb:29:in `call'
actionpack (5.2.8) lib/action_dispatch/middleware/executor.rb:14:in `call'
actionpack (5.2.8) lib/action_dispatch/middleware/static.rb:127:in `call'
rack (2.2.4) lib/rack/sendfile.rb:110:in `call'
railties (5.2.8) lib/rails/engine.rb:524:in `call'
puma (3.12.6) lib/puma/configuration.rb:227:in `call'
puma (3.12.6) lib/puma/server.rb:706:in `handle_request'
puma (3.12.6) lib/puma/server.rb:476:in `process_client'
puma (3.12.6) lib/puma/server.rb:334:in `block in run'
puma (3.12.6) lib/puma/thread_pool.rb:135:in `block in spawn_thread'
Started GET "/cats" for ::1 at 2022-07-01 14:55:09 -0400

LoadError - Unable to autoload constant CatsController, expected /Users/davidhong/Documents/App Academy 2022/AA Classwork/W6D5/Cats99/app/controllers/cats_controller.rb to define it:

Started POST "/__better_errors/63429dd0ccf8feb9/variables" for ::1 at 2022-07-01 14:55:09 -0400
Started GET "/cats" for ::1 at 2022-07-01 14:55:24 -0400

LoadError - Unable to autoload constant CatsController, expected /Users/davidhong/Documents/App Academy 2022/AA Classwork/W6D5/Cats99/app/controllers/cats_controller.rb to define it:

Started POST "/__better_errors/b0513f88d2013722/variables" for ::1 at 2022-07-01 14:55:24 -0400
Started GET "/cats" for ::1 at 2022-07-01 14:56:52 -0400
Processing by CatsController#index as HTML
  Rendering cats/index.html.erb within layouts/application
  [1m[36mCat Load (6.8ms)[0m  [1m[34mSELECT "cats".* FROM "cats"[0m
  ↳ app/views/cats/index.html.erb:3
  Rendered cats/index.html.erb within layouts/application (25371.1ms)
Completed 500 Internal Server Error in 91588ms (ActiveRecord: 11.1ms)



ArgumentError - You invoked render but did not give any of :partial, :template, :inline, :file, :plain, :html or :body option.:
  app/views/cats/index.html.erb:5:in `block in _app_views_cats_index_html_erb___2148923828809024326_2431042820'
  app/views/cats/index.html.erb:3:in `_app_views_cats_index_html_erb___2148923828809024326_2431042820'
  app/controllers/cats_controller.rb:5:in `index'

Started POST "/__better_errors/a46ab5f78a934bdd/variables" for ::1 at 2022-07-01 14:58:24 -0400
Started GET "/cats" for ::1 at 2022-07-01 14:58:28 -0400
Processing by CatsController#index as HTML
  Rendering cats/index.html.erb within layouts/application
  [1m[36mCat Load (0.7ms)[0m  [1m[34mSELECT "cats".* FROM "cats"[0m
  ↳ app/views/cats/index.html.erb:3
  Rendered cats/index.html.erb within layouts/application (5.8ms)
Completed 500 Internal Server Error in 9011ms (ActiveRecord: 0.7ms)



ArgumentError - You invoked render but did not give any of :partial, :template, :inline, :file, :plain, :html or :body option.:
  app/views/cats/index.html.erb:4:in `block in _app_views_cats_index_html_erb___2148923828809024326_2431251540'
  app/views/cats/index.html.erb:3:in `_app_views_cats_index_html_erb___2148923828809024326_2431251540'
  app/controllers/cats_controller.rb:5:in `index'

Started POST "/__better_errors/ebe2b439ca46f8ca/variables" for ::1 at 2022-07-01 14:58:37 -0400
Started GET "/" for ::1 at 2022-07-01 14:59:01 -0400
  [1m[35m (1.3ms)[0m  [1m[34mSELECT "schema_migrations"."version" FROM "schema_migrations" ORDER BY "schema_migrations"."version" ASC[0m
  ↳ /Users/davidhong/.rbenv/versions/2.5.1/lib/ruby/gems/2.5.0/gems/activerecord-5.2.8/lib/active_record/log_subscriber.rb:98
Processing by Rails::WelcomeController#index as HTML
  Rendering /Users/davidhong/.rbenv/versions/2.5.1/lib/ruby/gems/2.5.0/gems/railties-5.2.8/lib/rails/templates/rails/welcome/index.html.erb
  Rendered /Users/davidhong/.rbenv/versions/2.5.1/lib/ruby/gems/2.5.0/gems/railties-5.2.8/lib/rails/templates/rails/welcome/index.html.erb (2.7ms)
Completed 200 OK in 9ms (Views: 5.9ms | ActiveRecord: 0.0ms)


Started GET "/cats" for ::1 at 2022-07-01 14:59:04 -0400
Processing by CatsController#index as HTML
  Rendering cats/index.html.erb within layouts/application
  [1m[36mCat Load (0.6ms)[0m  [1m[34mSELECT "cats".* FROM "cats"[0m
  ↳ app/views/cats/index.html.erb:3
  Rendered cats/index.html.erb within layouts/application (13.6ms)
Completed 500 Internal Server Error in 34ms (ActiveRecord: 3.5ms)



ArgumentError - You invoked render but did not give any of :partial, :template, :inline, :file, :plain, :html or :body option.:
  app/views/cats/index.html.erb:4:in `block in _app_views_cats_index_html_erb__3956694749347341316_2479824080'
  app/views/cats/index.html.erb:3:in `_app_views_cats_index_html_erb__3956694749347341316_2479824080'
  app/controllers/cats_controller.rb:4:in `index'

Started POST "/__better_errors/3232c2ed006ad2bd/variables" for ::1 at 2022-07-01 14:59:04 -0400
Started GET "/cats" for ::1 at 2022-07-01 14:59:31 -0400
Processing by CatsController#index as HTML
  Rendering cats/index.html.erb within layouts/application
  [1m[36mCat Load (0.3ms)[0m  [1m[34mSELECT "cats".* FROM "cats"[0m
  ↳ app/views/cats/index.html.erb:3
  Rendered cats/index.html.erb within layouts/application (3.4ms)
Completed 500 Internal Server Error in 7ms (ActiveRecord: 0.3ms)



ArgumentError - You invoked render but did not give any of :partial, :template, :inline, :file, :plain, :html or :body option.:
  app/views/cats/index.html.erb:5:in `block in _app_views_cats_index_html_erb__3956694749347341316_2956425500'
  app/views/cats/index.html.erb:3:in `_app_views_cats_index_html_erb__3956694749347341316_2956425500'
  app/controllers/cats_controller.rb:4:in `index'

Started POST "/__better_errors/94f1a864a1c199cc/variables" for ::1 at 2022-07-01 14:59:31 -0400
Started GET "/cats" for ::1 at 2022-07-01 14:59:41 -0400
Processing by CatsController#index as HTML
  Rendering cats/index.html.erb within layouts/application
  [1m[36mCat Load (0.3ms)[0m  [1m[34mSELECT "cats".* FROM "cats"[0m
  ↳ app/views/cats/index.html.erb:3
  Rendered cats/index.html.erb within layouts/application (3.3ms)
Completed 500 Internal Server Error in 7ms (ActiveRecord: 0.3ms)



ArgumentError - You invoked render but did not give any of :partial, :template, :inline, :file, :plain, :html or :body option.:
  app/views/cats/index.html.erb:5:in `block in _app_views_cats_index_html_erb__3956694749347341316_2480314020'
  app/views/cats/index.html.erb:3:in `_app_views_cats_index_html_erb__3956694749347341316_2480314020'
  app/controllers/cats_controller.rb:4:in `index'

Started POST "/__better_errors/776ad8c78fed1e2e/variables" for ::1 at 2022-07-01 14:59:41 -0400
Started GET "/cats" for ::1 at 2022-07-01 14:59:43 -0400
Processing by CatsController#index as HTML
  Rendering cats/index.html.erb within layouts/application
  [1m[36mCat Load (0.4ms)[0m  [1m[34mSELECT "cats".* FROM "cats"[0m
  ↳ app/views/cats/index.html.erb:3
  Rendered cats/index.html.erb within layouts/application (3.9ms)
Completed 500 Internal Server Error in 9ms (ActiveRecord: 0.4ms)



ArgumentError - You invoked render but did not give any of :partial, :template, :inline, :file, :plain, :html or :body option.:
  app/views/cats/index.html.erb:5:in `block in _app_views_cats_index_html_erb__3956694749347341316_2884535280'
  app/views/cats/index.html.erb:3:in `_app_views_cats_index_html_erb__3956694749347341316_2884535280'
  app/controllers/cats_controller.rb:4:in `index'

Started POST "/__better_errors/a67b0563d6358791/variables" for ::1 at 2022-07-01 14:59:43 -0400
Started GET "/cats" for ::1 at 2022-07-01 15:00:01 -0400
  [1m[35m (1.2ms)[0m  [1m[34mSELECT "schema_migrations"."version" FROM "schema_migrations" ORDER BY "schema_migrations"."version" ASC[0m
  ↳ /Users/davidhong/.rbenv/versions/2.5.1/lib/ruby/gems/2.5.0/gems/activerecord-5.2.8/lib/active_record/log_subscriber.rb:98
Processing by CatsController#index as HTML
  Rendering cats/index.html.erb within layouts/application
  [1m[36mCat Load (0.6ms)[0m  [1m[34mSELECT "cats".* FROM "cats"[0m
  ↳ app/views/cats/index.html.erb:3
  Rendered cats/index.html.erb within layouts/application (19.9ms)
Completed 500 Internal Server Error in 30ms (ActiveRecord: 4.1ms)



ArgumentError - You invoked render but did not give any of :partial, :template, :inline, :file, :plain, :html or :body option.:
  app/views/cats/index.html.erb:5:in `block in _app_views_cats_index_html_erb___1541148629958869648_2278685480'
  app/views/cats/index.html.erb:3:in `_app_views_cats_index_html_erb___1541148629958869648_2278685480'
  app/controllers/cats_controller.rb:4:in `index'

Started POST "/__better_errors/165c74e912d4aa2d/variables" for ::1 at 2022-07-01 15:00:01 -0400
Started GET "/" for ::1 at 2022-07-01 15:02:24 -0400
  [1m[35m (0.9ms)[0m  [1m[34mSELECT "schema_migrations"."version" FROM "schema_migrations" ORDER BY "schema_migrations"."version" ASC[0m
  ↳ /Users/davidhong/.rbenv/versions/2.5.1/lib/ruby/gems/2.5.0/gems/activerecord-5.2.8/lib/active_record/log_subscriber.rb:98
Processing by Rails::WelcomeController#index as HTML
  Rendering /Users/davidhong/.rbenv/versions/2.5.1/lib/ruby/gems/2.5.0/gems/railties-5.2.8/lib/rails/templates/rails/welcome/index.html.erb
  Rendered /Users/davidhong/.rbenv/versions/2.5.1/lib/ruby/gems/2.5.0/gems/railties-5.2.8/lib/rails/templates/rails/welcome/index.html.erb (3.0ms)
Completed 200 OK in 10ms (Views: 6.8ms | ActiveRecord: 0.0ms)


Started GET "/cats" for ::1 at 2022-07-01 15:02:28 -0400
Processing by CatsController#index as HTML
  Rendering cats/index.html.erb within layouts/application
  [1m[36mCat Load (0.8ms)[0m  [1m[34mSELECT "cats".* FROM "cats"[0m
  ↳ app/views/cats/index.html.erb:3
  Rendered cats/index.html.erb within layouts/application (39352.5ms)
Completed 500 Internal Server Error in 39362ms (ActiveRecord: 4.1ms)



ArgumentError - You invoked render but did not give any of :partial, :template, :inline, :file, :plain, :html or :body option.:
  app/views/cats/index.html.erb:5:in `block in _app_views_cats_index_html_erb__2927308397543200132_2270715980'
  app/views/cats/index.html.erb:3:in `_app_views_cats_index_html_erb__2927308397543200132_2270715980'
  app/controllers/cats_controller.rb:4:in `index'

Started POST "/__better_errors/42a5ecb06628ee6f/variables" for ::1 at 2022-07-01 15:03:08 -0400
Started GET "/cats" for ::1 at 2022-07-01 15:03:16 -0400
  [1m[35m (0.9ms)[0m  [1m[34mSELECT "schema_migrations"."version" FROM "schema_migrations" ORDER BY "schema_migrations"."version" ASC[0m
  ↳ /Users/davidhong/.rbenv/versions/2.5.1/lib/ruby/gems/2.5.0/gems/activerecord-5.2.8/lib/active_record/log_subscriber.rb:98
Processing by CatsController#index as HTML
  Rendering cats/index.html.erb within layouts/application
  [1m[36mCat Load (0.5ms)[0m  [1m[34mSELECT "cats".* FROM "cats"[0m
  ↳ app/views/cats/index.html.erb:3
  Rendered cats/index.html.erb within layouts/application (13.2ms)
Completed 500 Internal Server Error in 21ms (ActiveRecord: 3.7ms)



ArgumentError - You invoked render but did not give any of :partial, :template, :inline, :file, :plain, :html or :body option.:
  app/views/cats/index.html.erb:4:in `block in _app_views_cats_index_html_erb___4246690518008238361_2181276320'
  app/views/cats/index.html.erb:3:in `_app_views_cats_index_html_erb___4246690518008238361_2181276320'
  app/controllers/cats_controller.rb:4:in `index'

Started POST "/__better_errors/4d3b6519bded3f49/variables" for ::1 at 2022-07-01 15:03:16 -0400
Started GET "/cats" for ::1 at 2022-07-01 15:03:17 -0400
Processing by CatsController#index as HTML
  Rendering cats/index.html.erb within layouts/application
  [1m[36mCat Load (0.3ms)[0m  [1m[34mSELECT "cats".* FROM "cats"[0m
  ↳ app/views/cats/index.html.erb:3
  Rendered cats/index.html.erb within layouts/application (2.7ms)
Completed 500 Internal Server Error in 6ms (ActiveRecord: 0.3ms)



ArgumentError - You invoked render but did not give any of :partial, :template, :inline, :file, :plain, :html or :body option.:
  app/views/cats/index.html.erb:4:in `block in _app_views_cats_index_html_erb___4246690518008238361_2182512920'
  app/views/cats/index.html.erb:3:in `_app_views_cats_index_html_erb___4246690518008238361_2182512920'
  app/controllers/cats_controller.rb:4:in `index'

Started POST "/__better_errors/9586d4958ad1d283/variables" for ::1 at 2022-07-01 15:03:17 -0400
Started POST "/__better_errors/9586d4958ad1d283/eval" for ::1 at 2022-07-01 15:03:29 -0400
Started POST "/__better_errors/9586d4958ad1d283/eval" for ::1 at 2022-07-01 15:03:34 -0400
Started POST "/__better_errors/9586d4958ad1d283/eval" for ::1 at 2022-07-01 15:03:42 -0400
Started POST "/__better_errors/9586d4958ad1d283/eval" for ::1 at 2022-07-01 15:04:04 -0400
Started POST "/__better_errors/9586d4958ad1d283/eval" for ::1 at 2022-07-01 15:04:12 -0400
Started GET "/cats" for ::1 at 2022-07-01 15:04:39 -0400
  [1m[35m (0.8ms)[0m  [1m[34mSELECT "schema_migrations"."version" FROM "schema_migrations" ORDER BY "schema_migrations"."version" ASC[0m
  ↳ /Users/davidhong/.rbenv/versions/2.5.1/lib/ruby/gems/2.5.0/gems/activerecord-5.2.8/lib/active_record/log_subscriber.rb:98
Processing by CatsController#index as HTML
  Rendering cats/index.html.erb within layouts/application
  [1m[36mCat Load (0.5ms)[0m  [1m[34mSELECT "cats".* FROM "cats"[0m
  ↳ app/views/cats/index.html.erb:3
  Rendered cats/index.html.erb within layouts/application (10.9ms)
Completed 200 OK in 458ms (Views: 451.0ms | ActiveRecord: 3.8ms)


Started GET "/cats" for ::1 at 2022-07-01 15:04:48 -0400
Processing by CatsController#index as HTML
  Rendering cats/index.html.erb within layouts/application
  Rendered cats/index.html.erb within layouts/application (1.0ms)
Completed 500 Internal Server Error in 5ms (ActiveRecord: 0.0ms)



SyntaxError - syntax error, unexpected tLABEL
...e;@output_buffer.append=( json: ct );@output_buffer.safe_app...
...                          ^~~~~:
  app/views/cats/index.html.erb:4:in `'
  app/controllers/cats_controller.rb:4:in `index'

Started POST "/__better_errors/f8a99a3e8355f83b/variables" for ::1 at 2022-07-01 15:04:48 -0400
  [1m[36mCat Load (0.7ms)[0m  [1m[34mSELECT  "cats".* FROM "cats" LIMIT $1[0m  [["LIMIT", 11]]
  ↳ /Users/davidhong/.rbenv/versions/2.5.1/lib/ruby/gems/2.5.0/gems/activerecord-5.2.8/lib/active_record/log_subscriber.rb:98
Started GET "/cats" for ::1 at 2022-07-01 15:05:08 -0400
Processing by CatsController#index as HTML
  Rendering cats/index.html.erb within layouts/application
  Rendered cats/index.html.erb within layouts/application (1.1ms)
Completed 500 Internal Server Error in 6ms (ActiveRecord: 0.0ms)



SyntaxError - syntax error, unexpected tLABEL
...e;@output_buffer.append=( json:ct );@output_buffer.safe_appe...
...                          ^~~~~:
  app/views/cats/index.html.erb:4:in `'
  app/controllers/cats_controller.rb:4:in `index'

Started POST "/__better_errors/2770e6eb9e8d1223/variables" for ::1 at 2022-07-01 15:05:08 -0400
  [1m[36mCat Load (0.3ms)[0m  [1m[34mSELECT  "cats".* FROM "cats" LIMIT $1[0m  [["LIMIT", 11]]
  ↳ /Users/davidhong/.rbenv/versions/2.5.1/lib/ruby/gems/2.5.0/gems/activerecord-5.2.8/lib/active_record/log_subscriber.rb:98
Started GET "/cats" for ::1 at 2022-07-01 15:05:28 -0400
Processing by CatsController#index as HTML
  [1m[36mCat Load (0.3ms)[0m  [1m[34mSELECT "cats".* FROM "cats"[0m
  ↳ app/controllers/cats_controller.rb:4
Completed 200 OK in 14ms (Views: 6.2ms | ActiveRecord: 5.7ms)


Started GET "/cats" for ::1 at 2022-07-01 15:05:41 -0400
Processing by CatsController#index as HTML
  [1m[36mCat Load (0.3ms)[0m  [1m[34mSELECT "cats".* FROM "cats"[0m
  ↳ app/controllers/cats_controller.rb:4
Completed 200 OK in 13ms (Views: 0.5ms | ActiveRecord: 2.9ms)


Started GET "/cats" for ::1 at 2022-07-01 15:05:56 -0400
Processing by CatsController#index as HTML
  Rendering cats/index.html.erb within layouts/application
  Rendered cats/index.html.erb within layouts/application (0.3ms)
Completed 200 OK in 29ms (Views: 25.6ms | ActiveRecord: 0.0ms)


Started GET "/cats" for ::1 at 2022-07-01 15:07:06 -0400
Processing by CatsController#index as HTML
  Rendering cats/index.html.erb within layouts/application
  [1m[36mCat Load (0.5ms)[0m  [1m[34mSELECT "cats".* FROM "cats"[0m
  ↳ app/views/cats/index.html.erb:3
  Rendered cats/index.html.erb within layouts/application (30.4ms)
Completed 500 Internal Server Error in 38ms (ActiveRecord: 7.3ms)



ArgumentError - You invoked render but did not give any of :partial, :template, :inline, :file, :plain, :html or :body option.:
  app/views/cats/index.html.erb:4:in `block in _app_views_cats_index_html_erb___2902749289562697064_2332672340'
  app/views/cats/index.html.erb:3:in `_app_views_cats_index_html_erb___2902749289562697064_2332672340'
  app/controllers/cats_controller.rb:4:in `index'

Started POST "/__better_errors/9e4672c573de306e/variables" for ::1 at 2022-07-01 15:07:06 -0400
Started GET "/cats" for ::1 at 2022-07-01 15:07:20 -0400
Processing by CatsController#index as HTML
  Rendering cats/index.html.erb within layouts/application
  [1m[36mCat Load (0.3ms)[0m  [1m[34mSELECT "cats".* FROM "cats"[0m
  ↳ app/views/cats/index.html.erb:3
  Rendered cats/index.html.erb within layouts/application (1.3ms)
Completed 200 OK in 27ms (Views: 26.0ms | ActiveRecord: 0.3ms)


Started GET "/cats" for ::1 at 2022-07-01 15:15:40 -0400
  [1m[35m (1.0ms)[0m  [1m[34mSELECT "schema_migrations"."version" FROM "schema_migrations" ORDER BY "schema_migrations"."version" ASC[0m
  ↳ /Users/davidhong/.rbenv/versions/2.5.1/lib/ruby/gems/2.5.0/gems/activerecord-5.2.8/lib/active_record/log_subscriber.rb:98
Processing by CatsController#index as HTML
  Rendering cats/index.html.erb within layouts/application
  [1m[36mCat Load (0.6ms)[0m  [1m[34mSELECT "cats".* FROM "cats"[0m
  ↳ app/views/cats/index.html.erb:3
  Rendered cats/index.html.erb within layouts/application (206.4ms)
Completed 500 Internal Server Error in 215ms (ActiveRecord: 4.1ms)



NameError - undefined local variable or method `index' for #<#<Class:0x000000015833c9b8>:0x000000015831e490>:
  app/views/cats/index.html.erb:5:in `block in _app_views_cats_index_html_erb__3951528309235116224_2887185780'
  app/views/cats/index.html.erb:3:in `_app_views_cats_index_html_erb__3951528309235116224_2887185780'
  app/controllers/cats_controller.rb:4:in `index'

Started POST "/__better_errors/cd513543dccfefec/variables" for ::1 at 2022-07-01 15:15:40 -0400
  [1m[36mCat Load (0.6ms)[0m  [1m[34mSELECT  "cats".* FROM "cats" LIMIT $1[0m  [["LIMIT", 11]]
  [1m[35m (0.5ms)[0m  [1m[35mBEGIN[0m
  [1m[35m (3.7ms)[0m  [1m[31mROLLBACK[0m
  [1m[35m (0.1ms)[0m  [1m[35mBEGIN[0m
  [1m[36mCat Create (4.6ms)[0m  [1m[32mINSERT INTO "cats" ("birth_date", "color", "name", "sex", "description", "created_at", "updated_at") VALUES ($1, $2, $3, $4, $5, $6, $7) RETURNING "id"[0m  [["birth_date", "2020-03-31"], ["color", "Gray"], ["name", "Smoky"], ["sex", "F"], ["description", "She smells awful"], ["created_at", "2022-07-01 19:18:26.877558"], ["updated_at", "2022-07-01 19:18:26.877558"]]
  [1m[35m (0.5ms)[0m  [1m[35mCOMMIT[0m
  [1m[36mCat Load (0.4ms)[0m  [1m[34mSELECT  "cats".* FROM "cats" LIMIT $1[0m  [["LIMIT", 11]]
Started GET "/cats" for ::1 at 2022-07-01 15:19:55 -0400
  [1m[35m (0.5ms)[0m  [1m[34mSELECT "schema_migrations"."version" FROM "schema_migrations" ORDER BY "schema_migrations"."version" ASC[0m
  ↳ /Users/davidhong/.rbenv/versions/2.5.1/lib/ruby/gems/2.5.0/gems/activerecord-5.2.8/lib/active_record/log_subscriber.rb:98
Processing by CatsController#index as HTML
  Rendering cats/index.html.erb within layouts/application
  [1m[36mCat Load (0.6ms)[0m  [1m[34mSELECT "cats".* FROM "cats"[0m
  ↳ app/views/cats/index.html.erb:3
  Rendered cats/index.html.erb within layouts/application (229.4ms)
Completed 500 Internal Server Error in 238ms (ActiveRecord: 3.6ms)



NameError - undefined local variable or method `index' for #<#<Class:0x0000000115420340>:0x0000000134bc9370>:
  app/views/cats/index.html.erb:5:in `block in _app_views_cats_index_html_erb___3512964213940553942_2589804640'
  app/views/cats/index.html.erb:3:in `_app_views_cats_index_html_erb___3512964213940553942_2589804640'
  app/controllers/cats_controller.rb:4:in `index'

Started POST "/__better_errors/3ad253b852a7fe41/variables" for ::1 at 2022-07-01 15:19:55 -0400
Started GET "/cats" for ::1 at 2022-07-01 15:20:58 -0400
Processing by CatsController#index as HTML
  Rendering cats/index.html.erb within layouts/application
  [1m[36mCat Load (0.4ms)[0m  [1m[34mSELECT "cats".* FROM "cats"[0m
  ↳ app/views/cats/index.html.erb:3
  Rendered cats/_kat.html.erb (5.5ms)
  Rendered cats/index.html.erb within layouts/application (9.9ms)
Completed 500 Internal Server Error in 17ms (ActiveRecord: 0.4ms)



NoMethodError - undefined method `year' for nil:NilClass:
  app/models/cat.rb:25:in `age'
  app/views/cats/_kat.html.erb:3:in `_app_views_cats__kat_html_erb__797470601345846311_2594162840'
  app/views/cats/index.html.erb:5:in `block in _app_views_cats_index_html_erb___3512964213940553942_2594216920'
  app/views/cats/index.html.erb:3:in `_app_views_cats_index_html_erb___3512964213940553942_2594216920'
  app/controllers/cats_controller.rb:4:in `index'

Started POST "/__better_errors/2c4dbd82900024b4/variables" for ::1 at 2022-07-01 15:20:58 -0400
Started POST "/__better_errors/2c4dbd82900024b4/eval" for ::1 at 2022-07-01 15:21:23 -0400
Started POST "/__better_errors/2c4dbd82900024b4/eval" for ::1 at 2022-07-01 15:21:29 -0400
Started GET "/cats" for ::1 at 2022-07-01 15:22:02 -0400
Processing by CatsController#index as HTML
  Rendering cats/index.html.erb within layouts/application
  [1m[36mCat Load (0.4ms)[0m  [1m[34mSELECT "cats".* FROM "cats"[0m
  ↳ app/views/cats/index.html.erb:3
  Rendered cats/_kat.html.erb (0.5ms)
  Rendered cats/_kat.html.erb (0.1ms)
  Rendered cats/index.html.erb within layouts/application (4.7ms)
Completed 200 OK in 188ms (Views: 187.0ms | ActiveRecord: 0.4ms)


  [1m[36mCat Load (0.7ms)[0m  [1m[34mSELECT  "cats".* FROM "cats" ORDER BY "cats"."id" ASC LIMIT $1[0m  [["LIMIT", 1]]
  [1m[36mCat Load (0.5ms)[0m  [1m[34mSELECT  "cats".* FROM "cats" ORDER BY "cats"."id" ASC LIMIT $1[0m  [["LIMIT", 1]]
  [1m[36mCat Load (0.3ms)[0m  [1m[34mSELECT  "cats".* FROM "cats" ORDER BY "cats"."id" ASC LIMIT $1[0m  [["LIMIT", 1]]
  [1m[36mCat Load (0.4ms)[0m  [1m[34mSELECT  "cats".* FROM "cats" ORDER BY "cats"."id" ASC LIMIT $1[0m  [["LIMIT", 1]]
  [1m[36mCat Load (0.4ms)[0m  [1m[34mSELECT  "cats".* FROM "cats" ORDER BY "cats"."id" ASC LIMIT $1[0m  [["LIMIT", 1]]
  [1m[36mCat Load (0.3ms)[0m  [1m[34mSELECT  "cats".* FROM "cats" ORDER BY "cats"."id" ASC LIMIT $1[0m  [["LIMIT", 1]]
  [1m[36mCat Load (0.4ms)[0m  [1m[34mSELECT  "cats".* FROM "cats" ORDER BY "cats"."id" ASC LIMIT $1[0m  [["LIMIT", 1]]
  [1m[36mCat Load (0.2ms)[0m  [1m[34mSELECT  "cats".* FROM "cats" ORDER BY "cats"."id" ASC LIMIT $1[0m  [["LIMIT", 1]]
  [1m[36mCat Load (0.4ms)[0m  [1m[34mSELECT  "cats".* FROM "cats" ORDER BY "cats"."id" ASC LIMIT $1[0m  [["LIMIT", 1]]
Started GET "/cats/1" for ::1 at 2022-07-01 15:27:15 -0400
  [1m[35m (1.1ms)[0m  [1m[34mSELECT "schema_migrations"."version" FROM "schema_migrations" ORDER BY "schema_migrations"."version" ASC[0m
  ↳ /Users/davidhong/.rbenv/versions/2.5.1/lib/ruby/gems/2.5.0/gems/activerecord-5.2.8/lib/active_record/log_subscriber.rb:98
Processing by CatsController#show as HTML
  Parameters: {"id"=>"1"}
Completed 500 Internal Server Error in 3ms (ActiveRecord: 0.0ms)



NameError - uninitialized constant CatsController::User:
  app/controllers/cats_controller.rb:8:in `show'

Started POST "/__better_errors/31a11fee314e4707/variables" for ::1 at 2022-07-01 15:27:15 -0400
Started GET "/cats/1" for ::1 at 2022-07-01 15:27:35 -0400
Processing by CatsController#show as HTML
  Parameters: {"id"=>"1"}
  [1m[36mCat Load (0.4ms)[0m  [1m[34mSELECT  "cats".* FROM "cats" WHERE "cats"."id" = $1 LIMIT $2[0m  [["id", 1], ["LIMIT", 1]]
  ↳ app/controllers/cats_controller.rb:8
  Rendering cats/show.html.erb within layouts/application
  Rendered cats/show.html.erb within layouts/application (208.6ms)
Completed 500 Internal Server Error in 231ms (ActiveRecord: 4.8ms)



NameError - undefined local variable or method `show' for #<#<Class:0x0000000106eb55a8>:0x0000000106e87518>:
  app/views/cats/show.html.erb:1:in `_app_views_cats_show_html_erb__661427407320753693_2205377840'
  app/controllers/cats_controller.rb:9:in `show'

Started POST "/__better_errors/8633e5505729fb5f/variables" for ::1 at 2022-07-01 15:27:35 -0400
Started GET "/cats/1" for ::1 at 2022-07-01 15:28:01 -0400
Processing by CatsController#show as HTML
  Parameters: {"id"=>"1"}
  [1m[36mCat Load (0.3ms)[0m  [1m[34mSELECT  "cats".* FROM "cats" WHERE "cats"."id" = $1 LIMIT $2[0m  [["id", 1], ["LIMIT", 1]]
  ↳ app/controllers/cats_controller.rb:8
  Rendering cats/show.html.erb within layouts/application
  Rendered cats/show.html.erb within layouts/application (3.0ms)
Completed 500 Internal Server Error in 11ms (ActiveRecord: 0.3ms)



ArgumentError - wrong number of arguments (given 3, expected 0..2):
  app/views/cats/show.html.erb:1:in `_app_views_cats_show_html_erb__661427407320753693_2203113300'
  app/controllers/cats_controller.rb:9:in `show'

Started POST "/__better_errors/c21aad43115ad731/variables" for ::1 at 2022-07-01 15:28:01 -0400
Started GET "/cats/1" for ::1 at 2022-07-01 15:28:04 -0400
Processing by CatsController#show as HTML
  Parameters: {"id"=>"1"}
  [1m[36mCat Load (0.2ms)[0m  [1m[34mSELECT  "cats".* FROM "cats" WHERE "cats"."id" = $1 LIMIT $2[0m  [["id", 1], ["LIMIT", 1]]
  ↳ app/controllers/cats_controller.rb:8
  Rendering cats/show.html.erb within layouts/application
  Rendered cats/show.html.erb within layouts/application (1.8ms)
Completed 500 Internal Server Error in 6ms (ActiveRecord: 0.2ms)



ArgumentError - wrong number of arguments (given 3, expected 0..2):
  app/views/cats/show.html.erb:1:in `_app_views_cats_show_html_erb__661427407320753693_2304446360'
  app/controllers/cats_controller.rb:9:in `show'

Started POST "/__better_errors/a0d7fcb235dcfe8b/variables" for ::1 at 2022-07-01 15:28:04 -0400
Started GET "/cats/1" for ::1 at 2022-07-01 15:28:10 -0400
Processing by CatsController#show as HTML
  Parameters: {"id"=>"1"}
  [1m[36mCat Load (0.3ms)[0m  [1m[34mSELECT  "cats".* FROM "cats" WHERE "cats"."id" = $1 LIMIT $2[0m  [["id", 1], ["LIMIT", 1]]
  ↳ app/controllers/cats_controller.rb:8
  Rendering cats/show.html.erb within layouts/application
  Rendered cats/_kat.html.erb (0.7ms)
  Rendered cats/show.html.erb within layouts/application (3.6ms)
Completed 200 OK in 212ms (Views: 209.9ms | ActiveRecord: 0.3ms)


Started GET "/cats/1" for ::1 at 2022-07-01 15:30:42 -0400
Processing by CatsController#show as HTML
  Parameters: {"id"=>"1"}
  [1m[36mCat Load (0.6ms)[0m  [1m[34mSELECT  "cats".* FROM "cats" WHERE "cats"."id" = $1 LIMIT $2[0m  [["id", 1], ["LIMIT", 1]]
  ↳ app/controllers/cats_controller.rb:8
  Rendering cats/show.html.erb within layouts/application
  Rendered cats/_kat.html.erb (0.5ms)
  Rendered cats/show.html.erb within layouts/application (2.1ms)
Completed 200 OK in 41ms (Views: 38.6ms | ActiveRecord: 0.6ms)


Started GET "/cats/1" for ::1 at 2022-07-01 15:30:58 -0400
Processing by CatsController#show as HTML
  Parameters: {"id"=>"1"}
  [1m[36mCat Load (0.3ms)[0m  [1m[34mSELECT  "cats".* FROM "cats" WHERE "cats"."id" = $1 LIMIT $2[0m  [["id", 1], ["LIMIT", 1]]
  ↳ app/controllers/cats_controller.rb:8
  Rendering cats/show.html.erb within layouts/application
  Rendered cats/_kat.html.erb (0.6ms)
  Rendered cats/show.html.erb within layouts/application (2.2ms)
Completed 200 OK in 25ms (Views: 22.9ms | ActiveRecord: 0.3ms)


Started GET "/cats/1" for ::1 at 2022-07-01 15:31:58 -0400
Processing by CatsController#show as HTML
  Parameters: {"id"=>"1"}
  [1m[36mCat Load (0.3ms)[0m  [1m[34mSELECT  "cats".* FROM "cats" WHERE "cats"."id" = $1 LIMIT $2[0m  [["id", 1], ["LIMIT", 1]]
  ↳ app/controllers/cats_controller.rb:8
  Rendering cats/show.html.erb within layouts/application
  Rendered cats/_kat.html.erb (0.7ms)
  Rendered cats/show.html.erb within layouts/application (2.8ms)
Completed 200 OK in 31ms (Views: 29.3ms | ActiveRecord: 0.3ms)


Started GET "/cats/1" for ::1 at 2022-07-01 15:32:53 -0400
Processing by CatsController#show as HTML
  Parameters: {"id"=>"1"}
  [1m[36mCat Load (0.2ms)[0m  [1m[34mSELECT  "cats".* FROM "cats" WHERE "cats"."id" = $1 LIMIT $2[0m  [["id", 1], ["LIMIT", 1]]
  ↳ app/controllers/cats_controller.rb:8
  Rendering cats/show.html.erb within layouts/application
  Rendered cats/_kat.html.erb (0.4ms)
  Rendered cats/show.html.erb within layouts/application (1.6ms)
Completed 200 OK in 20ms (Views: 19.1ms | ActiveRecord: 0.2ms)


Started GET "/cats/1" for ::1 at 2022-07-01 15:33:25 -0400
Processing by CatsController#show as HTML
  Parameters: {"id"=>"1"}
  [1m[36mCat Load (0.3ms)[0m  [1m[34mSELECT  "cats".* FROM "cats" WHERE "cats"."id" = $1 LIMIT $2[0m  [["id", 1], ["LIMIT", 1]]
  ↳ app/controllers/cats_controller.rb:8
  Rendering cats/show.html.erb within layouts/application
  Rendered cats/_kat.html.erb (0.6ms)
  Rendered cats/show.html.erb within layouts/application (2.3ms)
Completed 200 OK in 25ms (Views: 23.5ms | ActiveRecord: 0.3ms)


Started GET "/cats/1" for ::1 at 2022-07-01 15:35:15 -0400
Processing by CatsController#show as HTML
  Parameters: {"id"=>"1"}
  [1m[36mCat Load (0.4ms)[0m  [1m[34mSELECT  "cats".* FROM "cats" WHERE "cats"."id" = $1 LIMIT $2[0m  [["id", 1], ["LIMIT", 1]]
  ↳ app/controllers/cats_controller.rb:8
  Rendering cats/show.html.erb within layouts/application
  Rendered cats/_kat.html.erb (0.8ms)
  Rendered cats/show.html.erb within layouts/application (3.3ms)
Completed 200 OK in 36ms (Views: 32.5ms | ActiveRecord: 0.4ms)


Started GET "/cats" for ::1 at 2022-07-01 15:35:48 -0400
Processing by CatsController#index as HTML
  Rendering cats/index.html.erb within layouts/application
  [1m[36mCat Load (0.4ms)[0m  [1m[34mSELECT "cats".* FROM "cats"[0m
  ↳ app/views/cats/index.html.erb:3
  Rendered cats/_kat.html.erb (0.8ms)
  Rendered cats/_kat.html.erb (0.1ms)
  Rendered cats/index.html.erb within layouts/application (7.0ms)
Completed 200 OK in 31ms (Views: 30.4ms | ActiveRecord: 0.4ms)


Started GET "/cats/new" for ::1 at 2022-07-01 15:44:30 -0400
Processing by CatsController#new as HTML
  Rendering cats/new.html.erb within layouts/application
  Rendered cats/new.html.erb within layouts/application (0.6ms)
Completed 200 OK in 24ms (Views: 22.4ms | ActiveRecord: 0.0ms)


Started GET "/cats/new" for ::1 at 2022-07-01 15:46:49 -0400
Processing by CatsController#new as HTML
  Rendering cats/new.html.erb within layouts/application
  Rendered cats/new.html.erb within layouts/application (0.6ms)
Completed 200 OK in 26ms (Views: 20.8ms | ActiveRecord: 0.0ms)


Started GET "/cats/new" for ::1 at 2022-07-01 15:46:51 -0400
Processing by CatsController#new as HTML
  Rendering cats/new.html.erb within layouts/application
  Rendered cats/new.html.erb within layouts/application (0.4ms)
Completed 200 OK in 15ms (Views: 13.8ms | ActiveRecord: 0.0ms)


Started GET "/cats/new" for ::1 at 2022-07-01 15:46:52 -0400
Processing by CatsController#new as HTML
  Rendering cats/new.html.erb within layouts/application
  Rendered cats/new.html.erb within layouts/application (0.4ms)
Completed 200 OK in 15ms (Views: 13.9ms | ActiveRecord: 0.0ms)


Started GET "/cats/new" for ::1 at 2022-07-01 15:46:55 -0400
Processing by CatsController#new as HTML
  Rendering cats/new.html.erb within layouts/application
  Rendered cats/new.html.erb within layouts/application (0.5ms)
Completed 200 OK in 19ms (Views: 17.1ms | ActiveRecord: 0.0ms)


Started GET "/cats/new" for ::1 at 2022-07-01 15:47:00 -0400
Processing by CatsController#new as HTML
  Rendering cats/new.html.erb within layouts/application
  Rendered cats/new.html.erb within layouts/application (0.5ms)
Completed 200 OK in 19ms (Views: 16.9ms | ActiveRecord: 0.0ms)


Started GET "/cats/new" for ::1 at 2022-07-01 15:47:02 -0400
Processing by CatsController#new as HTML
  Rendering cats/new.html.erb within layouts/application
  Rendered cats/new.html.erb within layouts/application (0.5ms)
Completed 200 OK in 23ms (Views: 21.7ms | ActiveRecord: 0.0ms)


Started GET "/cats/new" for ::1 at 2022-07-01 15:48:03 -0400
Processing by CatsController#new as HTML
  Rendering cats/new.html.erb within layouts/application
  Rendered cats/new.html.erb within layouts/application (0.6ms)
Completed 200 OK in 20ms (Views: 18.1ms | ActiveRecord: 0.0ms)


Started GET "/cats/new" for ::1 at 2022-07-01 15:48:14 -0400
Processing by CatsController#new as HTML
  Rendering cats/new.html.erb within layouts/application
  Rendered cats/new.html.erb within layouts/application (0.7ms)
Completed 200 OK in 18ms (Views: 16.8ms | ActiveRecord: 0.0ms)


Started GET "/cats/new" for ::1 at 2022-07-01 15:50:12 -0400
Processing by CatsController#new as HTML
  Rendering cats/new.html.erb within layouts/application
  Rendered cats/new.html.erb within layouts/application (0.8ms)
Completed 200 OK in 35ms (Views: 30.1ms | ActiveRecord: 0.0ms)


Started GET "/cats/new" for ::1 at 2022-07-01 15:50:12 -0400
Processing by CatsController#new as HTML
  Rendering cats/new.html.erb within layouts/application
  Rendered cats/new.html.erb within layouts/application (0.4ms)
Completed 200 OK in 32ms (Views: 30.9ms | ActiveRecord: 0.0ms)


Started GET "/cats/new" for ::1 at 2022-07-01 15:50:19 -0400
Processing by CatsController#new as HTML
  Rendering cats/new.html.erb within layouts/application
  Rendered cats/new.html.erb within layouts/application (0.6ms)
Completed 200 OK in 15ms (Views: 13.2ms | ActiveRecord: 0.0ms)


Started GET "/cats/new" for ::1 at 2022-07-01 15:50:28 -0400
Processing by CatsController#new as HTML
  Rendering cats/new.html.erb within layouts/application
  Rendered cats/new.html.erb within layouts/application (0.6ms)
Completed 200 OK in 22ms (Views: 17.7ms | ActiveRecord: 0.0ms)


Started GET "/cats/new" for ::1 at 2022-07-01 15:51:00 -0400
Processing by CatsController#new as HTML
  Rendering cats/new.html.erb within layouts/application
  Rendered cats/new.html.erb within layouts/application (1.2ms)
Completed 200 OK in 33ms (Views: 31.1ms | ActiveRecord: 0.0ms)


Started GET "/cats/new" for ::1 at 2022-07-01 15:51:13 -0400
Processing by CatsController#new as HTML
  Rendering cats/new.html.erb within layouts/application
  Rendered cats/new.html.erb within layouts/application (0.6ms)
Completed 200 OK in 21ms (Views: 19.1ms | ActiveRecord: 0.0ms)


Started GET "/cats/new" for ::1 at 2022-07-01 15:52:00 -0400
Processing by CatsController#new as HTML
  Rendering cats/new.html.erb within layouts/application
  Rendered cats/new.html.erb within layouts/application (1.1ms)
Completed 200 OK in 30ms (Views: 28.7ms | ActiveRecord: 0.0ms)


Started POST "/cats/new" for ::1 at 2022-07-01 15:53:23 -0400
  
ActionController::RoutingError (No route matches [POST] "/cats/new"):
  
actionpack (5.2.8) lib/action_dispatch/middleware/debug_exceptions.rb:65:in `call'
web-console (3.7.0) lib/web_console/middleware.rb:135:in `call_app'
web-console (3.7.0) lib/web_console/middleware.rb:30:in `block in call'
web-console (3.7.0) lib/web_console/middleware.rb:20:in `catch'
web-console (3.7.0) lib/web_console/middleware.rb:20:in `call'
actionpack (5.2.8) lib/action_dispatch/middleware/show_exceptions.rb:33:in `call'
railties (5.2.8) lib/rails/rack/logger.rb:38:in `call_app'
railties (5.2.8) lib/rails/rack/logger.rb:26:in `block in call'
activesupport (5.2.8) lib/active_support/tagged_logging.rb:71:in `block in tagged'
activesupport (5.2.8) lib/active_support/tagged_logging.rb:28:in `tagged'
activesupport (5.2.8) lib/active_support/tagged_logging.rb:71:in `tagged'
railties (5.2.8) lib/rails/rack/logger.rb:26:in `call'
sprockets-rails (3.4.2) lib/sprockets/rails/quiet_assets.rb:13:in `call'
actionpack (5.2.8) lib/action_dispatch/middleware/remote_ip.rb:81:in `call'
actionpack (5.2.8) lib/action_dispatch/middleware/request_id.rb:27:in `call'
rack (2.2.4) lib/rack/method_override.rb:24:in `call'
rack (2.2.4) lib/rack/runtime.rb:22:in `call'
activesupport (5.2.8) lib/active_support/cache/strategy/local_cache_middleware.rb:29:in `call'
actionpack (5.2.8) lib/action_dispatch/middleware/executor.rb:14:in `call'
actionpack (5.2.8) lib/action_dispatch/middleware/static.rb:127:in `call'
rack (2.2.4) lib/rack/sendfile.rb:110:in `call'
railties (5.2.8) lib/rails/engine.rb:524:in `call'
puma (3.12.6) lib/puma/configuration.rb:227:in `call'
puma (3.12.6) lib/puma/server.rb:706:in `handle_request'
puma (3.12.6) lib/puma/server.rb:476:in `process_client'
puma (3.12.6) lib/puma/server.rb:334:in `block in run'
puma (3.12.6) lib/puma/thread_pool.rb:135:in `block in spawn_thread'
Started GET "/cats/new" for ::1 at 2022-07-01 15:54:40 -0400
Processing by CatsController#new as HTML
  Rendering cats/new.html.erb within layouts/application
  Rendered cats/new.html.erb within layouts/application (0.5ms)
Completed 200 OK in 17ms (Views: 16.3ms | ActiveRecord: 0.0ms)


Started POST "/cats/new" for ::1 at 2022-07-01 15:54:50 -0400
  
ActionController::RoutingError (No route matches [POST] "/cats/new"):
  
actionpack (5.2.8) lib/action_dispatch/middleware/debug_exceptions.rb:65:in `call'
web-console (3.7.0) lib/web_console/middleware.rb:135:in `call_app'
web-console (3.7.0) lib/web_console/middleware.rb:30:in `block in call'
web-console (3.7.0) lib/web_console/middleware.rb:20:in `catch'
web-console (3.7.0) lib/web_console/middleware.rb:20:in `call'
actionpack (5.2.8) lib/action_dispatch/middleware/show_exceptions.rb:33:in `call'
railties (5.2.8) lib/rails/rack/logger.rb:38:in `call_app'
railties (5.2.8) lib/rails/rack/logger.rb:26:in `block in call'
activesupport (5.2.8) lib/active_support/tagged_logging.rb:71:in `block in tagged'
activesupport (5.2.8) lib/active_support/tagged_logging.rb:28:in `tagged'
activesupport (5.2.8) lib/active_support/tagged_logging.rb:71:in `tagged'
railties (5.2.8) lib/rails/rack/logger.rb:26:in `call'
sprockets-rails (3.4.2) lib/sprockets/rails/quiet_assets.rb:13:in `call'
actionpack (5.2.8) lib/action_dispatch/middleware/remote_ip.rb:81:in `call'
actionpack (5.2.8) lib/action_dispatch/middleware/request_id.rb:27:in `call'
rack (2.2.4) lib/rack/method_override.rb:24:in `call'
rack (2.2.4) lib/rack/runtime.rb:22:in `call'
activesupport (5.2.8) lib/active_support/cache/strategy/local_cache_middleware.rb:29:in `call'
actionpack (5.2.8) lib/action_dispatch/middleware/executor.rb:14:in `call'
actionpack (5.2.8) lib/action_dispatch/middleware/static.rb:127:in `call'
rack (2.2.4) lib/rack/sendfile.rb:110:in `call'
railties (5.2.8) lib/rails/engine.rb:524:in `call'
puma (3.12.6) lib/puma/configuration.rb:227:in `call'
puma (3.12.6) lib/puma/server.rb:706:in `handle_request'
puma (3.12.6) lib/puma/server.rb:476:in `process_client'
puma (3.12.6) lib/puma/server.rb:334:in `block in run'
puma (3.12.6) lib/puma/thread_pool.rb:135:in `block in spawn_thread'
Started GET "/cats/new" for ::1 at 2022-07-01 15:57:12 -0400
  [1m[35m (1.4ms)[0m  [1m[34mSELECT "schema_migrations"."version" FROM "schema_migrations" ORDER BY "schema_migrations"."version" ASC[0m
  ↳ /Users/davidhong/.rbenv/versions/2.5.1/lib/ruby/gems/2.5.0/gems/activerecord-5.2.8/lib/active_record/log_subscriber.rb:98
Processing by CatsController#new as HTML
  Rendering cats/new.html.erb within layouts/application
  Rendered cats/new.html.erb within layouts/application (0.8ms)
Completed 200 OK in 181ms (Views: 179.5ms | ActiveRecord: 0.0ms)


Started POST "/cats/new" for ::1 at 2022-07-01 15:57:16 -0400
  
ActionController::RoutingError (No route matches [POST] "/cats/new"):
  
actionpack (5.2.8) lib/action_dispatch/middleware/debug_exceptions.rb:65:in `call'
web-console (3.7.0) lib/web_console/middleware.rb:135:in `call_app'
web-console (3.7.0) lib/web_console/middleware.rb:30:in `block in call'
web-console (3.7.0) lib/web_console/middleware.rb:20:in `catch'
web-console (3.7.0) lib/web_console/middleware.rb:20:in `call'
actionpack (5.2.8) lib/action_dispatch/middleware/show_exceptions.rb:33:in `call'
railties (5.2.8) lib/rails/rack/logger.rb:38:in `call_app'
railties (5.2.8) lib/rails/rack/logger.rb:26:in `block in call'
activesupport (5.2.8) lib/active_support/tagged_logging.rb:71:in `block in tagged'
activesupport (5.2.8) lib/active_support/tagged_logging.rb:28:in `tagged'
activesupport (5.2.8) lib/active_support/tagged_logging.rb:71:in `tagged'
railties (5.2.8) lib/rails/rack/logger.rb:26:in `call'
sprockets-rails (3.4.2) lib/sprockets/rails/quiet_assets.rb:13:in `call'
actionpack (5.2.8) lib/action_dispatch/middleware/remote_ip.rb:81:in `call'
actionpack (5.2.8) lib/action_dispatch/middleware/request_id.rb:27:in `call'
rack (2.2.4) lib/rack/method_override.rb:24:in `call'
rack (2.2.4) lib/rack/runtime.rb:22:in `call'
activesupport (5.2.8) lib/active_support/cache/strategy/local_cache_middleware.rb:29:in `call'
actionpack (5.2.8) lib/action_dispatch/middleware/executor.rb:14:in `call'
actionpack (5.2.8) lib/action_dispatch/middleware/static.rb:127:in `call'
rack (2.2.4) lib/rack/sendfile.rb:110:in `call'
railties (5.2.8) lib/rails/engine.rb:524:in `call'
puma (3.12.6) lib/puma/configuration.rb:227:in `call'
puma (3.12.6) lib/puma/server.rb:706:in `handle_request'
puma (3.12.6) lib/puma/server.rb:476:in `process_client'
puma (3.12.6) lib/puma/server.rb:334:in `block in run'
puma (3.12.6) lib/puma/thread_pool.rb:135:in `block in spawn_thread'
Started GET "/cats/new" for ::1 at 2022-07-01 15:57:44 -0400
Processing by CatsController#new as HTML
  Rendering cats/new.html.erb within layouts/application
  Rendered cats/new.html.erb within layouts/application (4.1ms)
Completed 200 OK in 26ms (Views: 25.0ms | ActiveRecord: 0.0ms)


Started POST "/cats" for ::1 at 2022-07-01 15:57:46 -0400
Processing by CatsController#create as HTML
  Parameters: {"cat"=>{"name"=>"", "birth_date"=>""}, "cats"=>{"description"=>"Enter description here...\r\n        "}}
No template found for CatsController#create, rendering head :no_content
Completed 204 No Content in 50025ms (ActiveRecord: 0.0ms)


Started GET "/cats/new" for ::1 at 2022-07-01 15:58:40 -0400
Processing by CatsController#new as HTML
  Rendering cats/new.html.erb within layouts/application
  Rendered cats/new.html.erb within layouts/application (2.6ms)
Completed 200 OK in 36ms (Views: 35.6ms | ActiveRecord: 0.0ms)


Started POST "/cats" for ::1 at 2022-07-01 15:58:42 -0400
Processing by CatsController#create as HTML
  Parameters: {"cat"=>{"name"=>"", "birth_date"=>"", "description"=>"Enter description here...\r\n        "}}
Started GET "/cats/new" for ::1 at 2022-07-01 15:59:01 -0400
Processing by CatsController#new as HTML
  Rendering cats/new.html.erb within layouts/application
  Rendered cats/new.html.erb within layouts/application (0.6ms)
Completed 200 OK in 26ms (Views: 25.6ms | ActiveRecord: 0.0ms)


No template found for CatsController#create, rendering head :no_content
Completed 204 No Content in 18725ms (ActiveRecord: 0.0ms)


Started POST "/cats" for ::1 at 2022-07-01 15:59:05 -0400
Processing by CatsController#create as HTML
  Parameters: {"cat"=>{"name"=>"", "birth_date"=>"", "sex"=>"F", "description"=>"Enter description here...\r\n        "}}
Completed 500 Internal Server Error in 604200ms (ActiveRecord: 0.0ms)



SystemExit - exit:
  (byebug):1:in `create'
  app/controllers/cats_controller.rb:18:in `create'

Started GET "/cats" for ::1 at 2022-07-01 16:28:11 -0400
  [1m[35m (0.9ms)[0m  [1m[34mSELECT "schema_migrations"."version" FROM "schema_migrations" ORDER BY "schema_migrations"."version" ASC[0m
  ↳ /Users/davidhong/.rbenv/versions/2.5.1/lib/ruby/gems/2.5.0/gems/activerecord-5.2.8/lib/active_record/log_subscriber.rb:98
Processing by CatsController#index as HTML
  Rendering cats/index.html.erb within layouts/application
  [1m[36mCat Load (0.6ms)[0m  [1m[34mSELECT "cats".* FROM "cats"[0m
  ↳ app/views/cats/index.html.erb:3
  Rendered cats/_kat.html.erb (0.4ms)
  Rendered cats/_kat.html.erb (0.1ms)
  Rendered cats/index.html.erb within layouts/application (23.7ms)
Completed 200 OK in 206ms (Views: 188.3ms | ActiveRecord: 13.7ms)


Started GET "/cats/new" for ::1 at 2022-07-01 16:28:15 -0400
Processing by CatsController#new as HTML
  Rendering cats/new.html.erb within layouts/application
  Rendered cats/new.html.erb within layouts/application (0.8ms)
Completed 200 OK in 25ms (Views: 24.2ms | ActiveRecord: 0.0ms)


Started POST "/cats" for ::1 at 2022-07-01 16:28:37 -0400
Processing by CatsController#create as HTML
  Parameters: {"cat"=>{"name"=>"Whiskers", "birth_date"=>"2022-02-10", "color"=>"Tabby", "sex"=>"F", "description"=>"Leaves many scars!"}}
  [1m[35m (0.1ms)[0m  [1m[35mBEGIN[0m
  ↳ app/controllers/cats_controller.rb:19
  [1m[36mCat Create (7.0ms)[0m  [1m[32mINSERT INTO "cats" ("birth_date", "color", "name", "sex", "description", "created_at", "updated_at") VALUES ($1, $2, $3, $4, $5, $6, $7) RETURNING "id"[0m  [["birth_date", "2022-02-10"], ["color", "Tabby"], ["name", "Whiskers"], ["sex", "F"], ["description", "Leaves many scars!"], ["created_at", "2022-07-01 20:28:37.750859"], ["updated_at", "2022-07-01 20:28:37.750859"]]
  ↳ app/controllers/cats_controller.rb:19
  [1m[35m (0.5ms)[0m  [1m[35mCOMMIT[0m
  ↳ app/controllers/cats_controller.rb:19
Redirected to http://localhost:3000/cats/3
Completed 302 Found in 11ms (ActiveRecord: 7.6ms)


Started GET "/cats/3" for ::1 at 2022-07-01 16:28:37 -0400
Processing by CatsController#show as HTML
  Parameters: {"id"=>"3"}
  [1m[36mCat Load (0.4ms)[0m  [1m[34mSELECT  "cats".* FROM "cats" WHERE "cats"."id" = $1 LIMIT $2[0m  [["id", 3], ["LIMIT", 1]]
  ↳ app/controllers/cats_controller.rb:8
  Rendering cats/show.html.erb within layouts/application
  Rendered cats/_kat.html.erb (0.5ms)
  Rendered cats/show.html.erb within layouts/application (2.1ms)
Completed 200 OK in 23ms (Views: 18.1ms | ActiveRecord: 0.8ms)


Started GET "/cats" for ::1 at 2022-07-01 16:28:48 -0400
Processing by CatsController#index as HTML
  Rendering cats/index.html.erb within layouts/application
  [1m[36mCat Load (0.4ms)[0m  [1m[34mSELECT "cats".* FROM "cats"[0m
  ↳ app/views/cats/index.html.erb:3
  Rendered cats/_kat.html.erb (0.5ms)
  Rendered cats/_kat.html.erb (0.1ms)
  Rendered cats/_kat.html.erb (0.1ms)
  Rendered cats/index.html.erb within layouts/application (5.3ms)
Completed 200 OK in 32ms (Views: 31.1ms | ActiveRecord: 0.4ms)


Started GET "/cats/3/edit" for ::1 at 2022-07-01 16:29:00 -0400
Processing by CatsController#edit as HTML
  Parameters: {"id"=>"3"}
  [1m[36mCat Load (0.5ms)[0m  [1m[34mSELECT  "cats".* FROM "cats" WHERE "cats"."id" = $1 LIMIT $2[0m  [["id", 3], ["LIMIT", 1]]
  ↳ app/controllers/cats_controller.rb:27
  Rendering cats/edit.html.erb within layouts/application
  Rendered cats/edit.html.erb within layouts/application (1.2ms)
Completed 500 Internal Server Error in 8ms (ActiveRecord: 0.5ms)



SyntaxError - syntax error, unexpected ==
...buffer.append=( @cat.color ? == "Other" "selected" : "");@ou...
...                             ^~
/Users/davidhong/Documents/App Academy 2022/AA Classwork/W6D5/Cats99/app/views/cats/edit.html.erb:36: syntax error, unexpected ':', expecting ')'
...color ? == "Other" "selected" : "");@output_buffer.safe_appe...
...                              ^:
  app/views/cats/edit.html.erb:36:in `'
  app/controllers/cats_controller.rb:28:in `edit'

Started POST "/__better_errors/e10a7a0b8480609f/variables" for ::1 at 2022-07-01 16:29:00 -0400
Started GET "/cats/3/edit" for ::1 at 2022-07-01 16:29:28 -0400
Processing by CatsController#edit as HTML
  Parameters: {"id"=>"3"}
  [1m[36mCat Load (0.4ms)[0m  [1m[34mSELECT  "cats".* FROM "cats" WHERE "cats"."id" = $1 LIMIT $2[0m  [["id", 3], ["LIMIT", 1]]
  ↳ app/controllers/cats_controller.rb:27
  Rendering cats/edit.html.erb within layouts/application
  Rendered cats/edit.html.erb within layouts/application (266.3ms)
Completed 500 Internal Server Error in 277ms (ActiveRecord: 0.4ms)



NameError - undefined local variable or method `book' for #<#<Class:0x000000011723b578>:0x0000000137f7d2e8>:
  app/views/cats/edit.html.erb:16:in `_app_views_cats_edit_html_erb___4459654428530934723_2616975420'
  app/controllers/cats_controller.rb:28:in `edit'

Started POST "/__better_errors/9d7fc2a4aa8f66a0/variables" for ::1 at 2022-07-01 16:29:29 -0400
Started GET "/cats/3/edit" for ::1 at 2022-07-01 16:29:39 -0400
Processing by CatsController#edit as HTML
  Parameters: {"id"=>"3"}
  [1m[36mCat Load (0.5ms)[0m  [1m[34mSELECT  "cats".* FROM "cats" WHERE "cats"."id" = $1 LIMIT $2[0m  [["id", 3], ["LIMIT", 1]]
  ↳ app/controllers/cats_controller.rb:27
  Rendering cats/edit.html.erb within layouts/application
  Rendered cats/edit.html.erb within layouts/application (10.1ms)
Completed 500 Internal Server Error in 18ms (ActiveRecord: 0.5ms)



NoMethodError - undefined method `color' for nil:NilClass:
  app/views/cats/edit.html.erb:18:in `_app_views_cats_edit_html_erb___4459654428530934723_2617092060'
  app/controllers/cats_controller.rb:28:in `edit'

Started POST "/__better_errors/9075cf09363b7251/variables" for ::1 at 2022-07-01 16:29:39 -0400
Started GET "/cats/3/edit" for ::1 at 2022-07-01 16:30:32 -0400
Processing by CatsController#edit as HTML
  Parameters: {"id"=>"3"}
  [1m[36mCat Load (0.5ms)[0m  [1m[34mSELECT  "cats".* FROM "cats" WHERE "cats"."id" = $1 LIMIT $2[0m  [["id", 3], ["LIMIT", 1]]
  ↳ app/controllers/cats_controller.rb:27
  Rendering cats/edit.html.erb within layouts/application
  Rendered cats/edit.html.erb within layouts/application (1.1ms)
Completed 200 OK in 36ms (Views: 32.2ms | ActiveRecord: 0.5ms)


Started GET "/cats/3/edit" for ::1 at 2022-07-01 16:31:15 -0400
Processing by CatsController#edit as HTML
  Parameters: {"id"=>"3"}
  [1m[36mCat Load (0.7ms)[0m  [1m[34mSELECT  "cats".* FROM "cats" WHERE "cats"."id" = $1 LIMIT $2[0m  [["id", 3], ["LIMIT", 1]]
  ↳ app/controllers/cats_controller.rb:27
  Rendering cats/edit.html.erb within layouts/application
  Rendered cats/edit.html.erb within layouts/application (1.3ms)
Completed 200 OK in 30ms (Views: 27.5ms | ActiveRecord: 0.7ms)


Started PATCH "/cats/3" for ::1 at 2022-07-01 16:31:28 -0400
Processing by CatsController#update as HTML
  Parameters: {"cat"=>{"name"=>"Whiskers", "birth_date"=>"2021-06-10", "color"=>"Black", "sex"=>"F", "description"=>"Not so bad!"}, "id"=>"3"}
  [1m[36mCat Load (1.4ms)[0m  [1m[34mSELECT  "cats".* FROM "cats" WHERE "cats"."id" = $1 LIMIT $2[0m  [["id", 3], ["LIMIT", 1]]
  ↳ app/controllers/cats_controller.rb:33
  [1m[35m (0.2ms)[0m  [1m[35mBEGIN[0m
  ↳ app/controllers/cats_controller.rb:35
  [1m[36mCat Update (1.5ms)[0m  [1m[33mUPDATE "cats" SET "description" = $1, "birth_date" = $2, "color" = $3, "updated_at" = $4 WHERE "cats"."id" = $5[0m  [["description", "Not so bad!"], ["birth_date", "2021-06-10"], ["color", "Black"], ["updated_at", "2022-07-01 20:31:28.508455"], ["id", 3]]
  ↳ app/controllers/cats_controller.rb:35
  [1m[35m (0.8ms)[0m  [1m[35mCOMMIT[0m
  ↳ app/controllers/cats_controller.rb:35
Redirected to http://localhost:3000/cats/3
Completed 302 Found in 11ms (ActiveRecord: 3.9ms)


Started GET "/cats/3" for ::1 at 2022-07-01 16:31:28 -0400
Processing by CatsController#show as HTML
  Parameters: {"id"=>"3"}
  [1m[36mCat Load (0.2ms)[0m  [1m[34mSELECT  "cats".* FROM "cats" WHERE "cats"."id" = $1 LIMIT $2[0m  [["id", 3], ["LIMIT", 1]]
  ↳ app/controllers/cats_controller.rb:8
  Rendering cats/show.html.erb within layouts/application
  Rendered cats/_kat.html.erb (0.8ms)
  Rendered cats/show.html.erb within layouts/application (3.7ms)
Completed 200 OK in 31ms (Views: 29.4ms | ActiveRecord: 0.2ms)


Started GET "/cats" for ::1 at 2022-07-01 16:31:34 -0400
Processing by CatsController#index as HTML
  Rendering cats/index.html.erb within layouts/application
  [1m[36mCat Load (0.3ms)[0m  [1m[34mSELECT "cats".* FROM "cats"[0m
  ↳ app/views/cats/index.html.erb:3
  Rendered cats/_kat.html.erb (0.6ms)
  Rendered cats/_kat.html.erb (0.1ms)
  Rendered cats/_kat.html.erb (0.1ms)
  Rendered cats/index.html.erb within layouts/application (6.5ms)
Completed 200 OK in 25ms (Views: 24.1ms | ActiveRecord: 0.3ms)


Started GET "/cats" for ::1 at 2022-07-01 16:33:16 -0400
Processing by CatsController#index as HTML
  Rendering cats/index.html.erb within layouts/application
  [1m[36mCat Load (0.6ms)[0m  [1m[34mSELECT "cats".* FROM "cats"[0m
  ↳ app/views/cats/index.html.erb:3
  Rendered cats/_kat.html.erb (0.8ms)
  Rendered cats/_kat.html.erb (0.1ms)
  Rendered cats/_kat.html.erb (0.1ms)
  Rendered cats/index.html.erb within layouts/application (6.1ms)
Completed 200 OK in 37ms (Views: 35.5ms | ActiveRecord: 0.6ms)


Started GET "/cats/1" for ::1 at 2022-07-01 16:33:18 -0400
Processing by CatsController#show as HTML
  Parameters: {"id"=>"1"}
  [1m[36mCat Load (0.6ms)[0m  [1m[34mSELECT  "cats".* FROM "cats" WHERE "cats"."id" = $1 LIMIT $2[0m  [["id", 1], ["LIMIT", 1]]
  ↳ app/controllers/cats_controller.rb:8
  Rendering cats/show.html.erb within layouts/application
  Rendered cats/_kat.html.erb (1.0ms)
  Rendered cats/show.html.erb within layouts/application (3.2ms)
Completed 200 OK in 27ms (Views: 24.5ms | ActiveRecord: 0.6ms)


Started GET "/cats" for ::1 at 2022-07-01 16:33:20 -0400
Processing by CatsController#index as HTML
  Rendering cats/index.html.erb within layouts/application
  [1m[36mCat Load (0.3ms)[0m  [1m[34mSELECT "cats".* FROM "cats"[0m
  ↳ app/views/cats/index.html.erb:3
  Rendered cats/_kat.html.erb (0.7ms)
  Rendered cats/_kat.html.erb (0.2ms)
  Rendered cats/_kat.html.erb (0.2ms)
  Rendered cats/index.html.erb within layouts/application (5.3ms)
Completed 200 OK in 19ms (Views: 17.8ms | ActiveRecord: 0.3ms)


Started GET "/cats/2" for ::1 at 2022-07-01 16:33:22 -0400
Processing by CatsController#show as HTML
  Parameters: {"id"=>"2"}
  [1m[36mCat Load (0.3ms)[0m  [1m[34mSELECT  "cats".* FROM "cats" WHERE "cats"."id" = $1 LIMIT $2[0m  [["id", 2], ["LIMIT", 1]]
  ↳ app/controllers/cats_controller.rb:8
  Rendering cats/show.html.erb within layouts/application
  Rendered cats/_kat.html.erb (0.5ms)
  Rendered cats/show.html.erb within layouts/application (1.6ms)
Completed 200 OK in 25ms (Views: 23.2ms | ActiveRecord: 0.3ms)


Started GET "/cats" for ::1 at 2022-07-01 16:33:23 -0400
Processing by CatsController#index as HTML
  Rendering cats/index.html.erb within layouts/application
  [1m[36mCat Load (5.6ms)[0m  [1m[34mSELECT "cats".* FROM "cats"[0m
  ↳ app/views/cats/index.html.erb:3
  Rendered cats/_kat.html.erb (1.1ms)
  Rendered cats/_kat.html.erb (0.3ms)
  Rendered cats/_kat.html.erb (0.2ms)
  Rendered cats/index.html.erb within layouts/application (14.1ms)
Completed 200 OK in 32ms (Views: 25.9ms | ActiveRecord: 5.6ms)


Started GET "/cats/new" for ::1 at 2022-07-01 16:42:06 -0400
Processing by CatsController#new as HTML
  Rendering cats/new.html.erb within layouts/application
  Rendered cats/_form.html.erb (5.8ms)
  Rendered cats/new.html.erb within layouts/application (7.9ms)
Completed 500 Internal Server Error in 16ms (ActiveRecord: 0.0ms)



ActionController::UrlGenerationError - No route matches {:action=>"show", :controller=>"cats"}, missing required keys: [:id]:
  app/views/cats/_form.html.erb:1:in `_app_views_cats__form_html_erb__4109658032036485348_2342672960'
  app/views/cats/new.html.erb:3:in `_app_views_cats_new_html_erb___4137220374833310342_2342700180'
  app/controllers/cats_controller.rb:14:in `new'

Started POST "/__better_errors/dac3d3c51ed8ab0c/variables" for ::1 at 2022-07-01 16:42:06 -0400
Started GET "/cats/new" for ::1 at 2022-07-01 16:43:26 -0400
Processing by CatsController#new as HTML
  Rendering cats/new.html.erb within layouts/application
  Rendered cats/_form.html.erb (4.7ms)
  Rendered cats/new.html.erb within layouts/application (6.4ms)
Completed 200 OK in 33ms (Views: 31.3ms | ActiveRecord: 0.0ms)


Started GET "/cats" for ::1 at 2022-07-01 16:43:33 -0400
Processing by CatsController#index as HTML
  Rendering cats/index.html.erb within layouts/application
  [1m[36mCat Load (2.0ms)[0m  [1m[34mSELECT "cats".* FROM "cats"[0m
  ↳ app/views/cats/index.html.erb:3
  Rendered cats/_kat.html.erb (0.7ms)
  Rendered cats/_kat.html.erb (0.1ms)
  Rendered cats/_kat.html.erb (0.1ms)
  Rendered cats/index.html.erb within layouts/application (7.2ms)
Completed 200 OK in 24ms (Views: 21.5ms | ActiveRecord: 2.0ms)


Started GET "/cats/1" for ::1 at 2022-07-01 16:43:34 -0400
Processing by CatsController#show as HTML
  Parameters: {"id"=>"1"}
  [1m[36mCat Load (0.4ms)[0m  [1m[34mSELECT  "cats".* FROM "cats" WHERE "cats"."id" = $1 LIMIT $2[0m  [["id", 1], ["LIMIT", 1]]
  ↳ app/controllers/cats_controller.rb:8
  Rendering cats/show.html.erb within layouts/application
  Rendered cats/_kat.html.erb (1.0ms)
  Rendered cats/show.html.erb within layouts/application (3.3ms)
Completed 200 OK in 33ms (Views: 26.9ms | ActiveRecord: 2.2ms)


Started GET "/cats/1/edit" for ::1 at 2022-07-01 16:43:41 -0400
Processing by CatsController#edit as HTML
  Parameters: {"id"=>"1"}
  [1m[36mCat Load (0.3ms)[0m  [1m[34mSELECT  "cats".* FROM "cats" WHERE "cats"."id" = $1 LIMIT $2[0m  [["id", 1], ["LIMIT", 1]]
  ↳ app/controllers/cats_controller.rb:27
  Rendering cats/edit.html.erb within layouts/application
  Rendered cats/_form.html.erb (1.3ms)
  Rendered cats/edit.html.erb within layouts/application (2.8ms)
Completed 200 OK in 18ms (Views: 16.8ms | ActiveRecord: 0.3ms)


Started PATCH "/cats/1" for ::1 at 2022-07-01 16:43:50 -0400
Processing by CatsController#update as HTML
  Parameters: {"cat"=>{"name"=>"Whiskers", "birth_date"=>"2005-10-31", "color"=>"Black", "sex"=>"M", "description"=>"HE IS GOOD LUCK!\r\n        "}, "id"=>"1"}
  [1m[36mCat Load (0.5ms)[0m  [1m[34mSELECT  "cats".* FROM "cats" WHERE "cats"."id" = $1 LIMIT $2[0m  [["id", 1], ["LIMIT", 1]]
  ↳ app/controllers/cats_controller.rb:33
  [1m[35m (0.1ms)[0m  [1m[35mBEGIN[0m
  ↳ app/controllers/cats_controller.rb:35
  [1m[36mCat Update (0.5ms)[0m  [1m[33mUPDATE "cats" SET "description" = $1, "updated_at" = $2 WHERE "cats"."id" = $3[0m  [["description", "HE IS GOOD LUCK!\r\n        "], ["updated_at", "2022-07-01 20:43:50.939408"], ["id", 1]]
  ↳ app/controllers/cats_controller.rb:35
  [1m[35m (1.1ms)[0m  [1m[35mCOMMIT[0m
  ↳ app/controllers/cats_controller.rb:35
Redirected to http://localhost:3000/cats/1
Completed 302 Found in 6ms (ActiveRecord: 2.2ms)


Started GET "/cats/1" for ::1 at 2022-07-01 16:43:50 -0400
Processing by CatsController#show as HTML
  Parameters: {"id"=>"1"}
  [1m[36mCat Load (0.2ms)[0m  [1m[34mSELECT  "cats".* FROM "cats" WHERE "cats"."id" = $1 LIMIT $2[0m  [["id", 1], ["LIMIT", 1]]
  ↳ app/controllers/cats_controller.rb:8
  Rendering cats/show.html.erb within layouts/application
  Rendered cats/_kat.html.erb (0.5ms)
  Rendered cats/show.html.erb within layouts/application (1.8ms)
Completed 200 OK in 16ms (Views: 14.9ms | ActiveRecord: 0.2ms)


Started GET "/cats" for ::1 at 2022-07-01 16:43:53 -0400
Processing by CatsController#index as HTML
  Rendering cats/index.html.erb within layouts/application
  [1m[36mCat Load (0.3ms)[0m  [1m[34mSELECT "cats".* FROM "cats"[0m
  ↳ app/views/cats/index.html.erb:3
  Rendered cats/_kat.html.erb (0.9ms)
  Rendered cats/_kat.html.erb (0.3ms)
  Rendered cats/_kat.html.erb (0.2ms)
  Rendered cats/index.html.erb within layouts/application (7.7ms)
Completed 200 OK in 32ms (Views: 31.0ms | ActiveRecord: 0.3ms)


Started GET "/cats" for ::1 at 2022-07-01 16:44:40 -0400
Processing by CatsController#index as HTML
  Rendering cats/index.html.erb within layouts/application
  [1m[36mCat Load (0.5ms)[0m  [1m[34mSELECT "cats".* FROM "cats"[0m
  ↳ app/views/cats/index.html.erb:3
  Rendered cats/_kat.html.erb (1.1ms)
  Rendered cats/_kat.html.erb (1.6ms)
  Rendered cats/_kat.html.erb (0.2ms)
  Rendered cats/index.html.erb within layouts/application (9.3ms)
Completed 200 OK in 26ms (Views: 25.0ms | ActiveRecord: 0.5ms)


Started GET "/cats/2" for ::1 at 2022-07-01 16:44:41 -0400
Processing by CatsController#show as HTML
  Parameters: {"id"=>"2"}
  [1m[36mCat Load (0.8ms)[0m  [1m[34mSELECT  "cats".* FROM "cats" WHERE "cats"."id" = $1 LIMIT $2[0m  [["id", 2], ["LIMIT", 1]]
  ↳ app/controllers/cats_controller.rb:8
  Rendering cats/show.html.erb within layouts/application
  Rendered cats/_kat.html.erb (0.8ms)
  Rendered cats/show.html.erb within layouts/application (2.4ms)
Completed 200 OK in 25ms (Views: 22.4ms | ActiveRecord: 0.8ms)


Started GET "/cats" for ::1 at 2022-07-01 16:44:42 -0400
Processing by CatsController#index as HTML
  Rendering cats/index.html.erb within layouts/application
  [1m[36mCat Load (0.3ms)[0m  [1m[34mSELECT "cats".* FROM "cats"[0m
  ↳ app/views/cats/index.html.erb:3
  Rendered cats/_kat.html.erb (1.0ms)
  Rendered cats/_kat.html.erb (0.2ms)
  Rendered cats/_kat.html.erb (0.1ms)
  Rendered cats/index.html.erb within layouts/application (6.5ms)
Completed 200 OK in 37ms (Views: 36.4ms | ActiveRecord: 0.3ms)


Started GET "/cats/new" for ::1 at 2022-07-01 16:44:45 -0400
Processing by CatsController#new as HTML
  Rendering cats/new.html.erb within layouts/application
  Rendered cats/_form.html.erb (1.0ms)
  Rendered cats/new.html.erb within layouts/application (2.5ms)
Completed 200 OK in 19ms (Views: 18.0ms | ActiveRecord: 0.0ms)


Started GET "/" for ::1 at 2022-07-01 16:49:45 -0400
  [1m[35m (0.8ms)[0m  [1m[34mSELECT "schema_migrations"."version" FROM "schema_migrations" ORDER BY "schema_migrations"."version" ASC[0m
  ↳ /Users/davidhong/.rbenv/versions/2.5.1/lib/ruby/gems/2.5.0/gems/activerecord-5.2.8/lib/active_record/log_subscriber.rb:98
Processing by Rails::WelcomeController#index as HTML
  Rendering /Users/davidhong/.rbenv/versions/2.5.1/lib/ruby/gems/2.5.0/gems/railties-5.2.8/lib/rails/templates/rails/welcome/index.html.erb
  Rendered /Users/davidhong/.rbenv/versions/2.5.1/lib/ruby/gems/2.5.0/gems/railties-5.2.8/lib/rails/templates/rails/welcome/index.html.erb (2.9ms)
Completed 200 OK in 10ms (Views: 6.5ms | ActiveRecord: 0.0ms)


Started GET "/cats" for ::1 at 2022-07-01 16:49:49 -0400
Processing by CatsController#index as HTML
  Rendering cats/index.html.erb within layouts/application
  [1m[36mCat Load (0.6ms)[0m  [1m[34mSELECT "cats".* FROM "cats"[0m
  ↳ app/views/cats/index.html.erb:3
  Rendered cats/_kat.html.erb (0.8ms)
  Rendered cats/_kat.html.erb (0.1ms)
  Rendered cats/_kat.html.erb (0.1ms)
  Rendered cats/index.html.erb within layouts/application (24.9ms)
Completed 200 OK in 180ms (Views: 168.6ms | ActiveRecord: 8.5ms)


Started GET "/cats/new" for ::1 at 2022-07-01 16:49:51 -0400
Processing by CatsController#new as HTML
  Rendering cats/new.html.erb within layouts/application
  Rendered cats/_form.html.erb (1.2ms)
  Rendered cats/new.html.erb within layouts/application (3.0ms)
Completed 500 Internal Server Error in 7ms (ActiveRecord: 0.0ms)



SyntaxError - syntax error, unexpected <<
...eeze;@output_buffer.append=( <<%# %= <%=kat.name);@output_bu...
...                             ^~
/Users/davidhong/Documents/App Academy 2022/AA Classwork/W6D5/Cats99/app/views/cats/_form.html.erb:64: unterminated string meets end of file
          end
             ^
/Users/davidhong/Documents/App Academy 2022/AA Classwork/W6D5/Cats99/app/views/cats/_form.html.erb:64: syntax error, unexpected end-of-input, expecting ')'
          end
             ^:
  app/views/cats/_form.html.erb:15:in `'
  app/views/cats/new.html.erb:3:in `_app_views_cats_new_html_erb__3414497459157660044_2207644720'
  app/controllers/cats_controller.rb:14:in `new'

Started POST "/__better_errors/475a3d7c0164fee1/variables" for ::1 at 2022-07-01 16:49:51 -0400
Started GET "/cats/new" for ::1 at 2022-07-01 16:50:23 -0400
Processing by CatsController#new as HTML
  Rendering cats/new.html.erb within layouts/application
  Rendered cats/_form.html.erb (0.9ms)
  Rendered cats/new.html.erb within layouts/application (2.3ms)
Completed 200 OK in 34ms (Views: 32.7ms | ActiveRecord: 0.0ms)


  [1m[35m (0.3ms)[0m  [1m[34mSELECT pg_try_advisory_lock(6613552763082678525)[0m
  ↳ bin/rails:9
  [1m[35m (0.9ms)[0m  [1m[34mSELECT "schema_migrations"."version" FROM "schema_migrations" ORDER BY "schema_migrations"."version" ASC[0m
  ↳ bin/rails:9
Migrating to CreateCatRentalRequests (20220701205130)
  [1m[35m (0.1ms)[0m  [1m[35mBEGIN[0m
  ↳ bin/rails:9
  [1m[35m (12.6ms)[0m  [1m[35mCREATE TABLE "cat_rental_requests" ("id" bigserial primary key, "cat_id" integer NOT NULL, "start_date" date NOT NULL, "end_date" date NOT NULL, "status" character varying NOT NULL, "created_at" timestamp NOT NULL, "updated_at" timestamp NOT NULL)[0m
  ↳ db/migrate/20220701205130_create_cat_rental_requests.rb:3
  [1m[35m (0.9ms)[0m  [1m[35mCREATE  INDEX  "index_cat_rental_requests_on_cat_id" ON "cat_rental_requests"  ("cat_id")[0m
  ↳ db/migrate/20220701205130_create_cat_rental_requests.rb:11
  [1m[36mActiveRecord::SchemaMigration Create (0.3ms)[0m  [1m[32mINSERT INTO "schema_migrations" ("version") VALUES ($1) RETURNING "version"[0m  [["version", "20220701205130"]]
  ↳ bin/rails:9
  [1m[35m (0.8ms)[0m  [1m[35mCOMMIT[0m
  ↳ bin/rails:9
  [1m[36mActiveRecord::InternalMetadata Load (6.0ms)[0m  [1m[34mSELECT  "ar_internal_metadata".* FROM "ar_internal_metadata" WHERE "ar_internal_metadata"."key" = $1 LIMIT $2[0m  [["key", "environment"], ["LIMIT", 1]]
  ↳ bin/rails:9
  [1m[35m (0.1ms)[0m  [1m[35mBEGIN[0m
  ↳ bin/rails:9
  [1m[35m (0.1ms)[0m  [1m[35mCOMMIT[0m
  ↳ bin/rails:9
  [1m[35m (0.2ms)[0m  [1m[34mSELECT pg_advisory_unlock(6613552763082678525)[0m
  ↳ bin/rails:9
  [1m[35m (0.2ms)[0m  [1m[34mSELECT "schema_migrations"."version" FROM "schema_migrations" ORDER BY "schema_migrations"."version" ASC[0m
  ↳ bin/rails:9
  [1m[35m (0.9ms)[0m  [1m[34mSELECT "schema_migrations"."version" FROM "schema_migrations" ORDER BY "schema_migrations"."version" ASC[0m
  ↳ /Users/davidhong/.rbenv/versions/2.5.1/bin/annotate:25
  [1m[35m (0.9ms)[0m  [1m[34mSELECT "schema_migrations"."version" FROM "schema_migrations" ORDER BY "schema_migrations"."version" ASC[0m
  ↳ /Users/davidhong/.rbenv/versions/2.5.1/bin/annotate:25
